[2025-11-20 17:55:22] Monitorizare pornita
[2025-11-20 17:58:30] Monitorizare oprita de utilizator
[2025-11-20 17:59:01] Monitorizare pornita
[2025-11-20 18:00:02] ALEPH S-A REPORNIT! (dupa 2 esecuri consecutive)
[2025-11-20 18:10:04] ALEPH S-A OPRIT! Eroare: Remote end closed connection without response
[2025-11-20 18:10:35] ALEPH S-A REPORNIT! (dupa 1 esecuri consecutive)
[2025-11-20 18:23:09] ALEPH S-A OPRIT! Eroare: Remote end closed connection without response
[2025-11-20 18:24:09] ALEPH S-A REPORNIT! (dupa 2 esecuri consecutive)
[2025-11-20 18:25:40] ALEPH S-A OPRIT! Eroare: Remote end closed connection without response
[2025-11-20 18:26:41] ALEPH S-A REPORNIT! (dupa 2 esecuri consecutive)
[2025-11-20 18:34:43] ALEPH S-A OPRIT! Eroare: Remote end closed connection without response
[2025-11-20 18:35:44] ALEPH S-A REPORNIT! (dupa 2 esecuri consecutive)
[2025-11-20 18:38:27] Monitorizare automata pornita
[2025-11-20 18:38:57] ALEPH S-A OPRIT! Incepe verificare automata resurse...
[2025-11-20 18:39:06] Diagnostic salvat in: E:\Carte\BB\17 - Site Leadership\alte\Ionel Balauta\Aryeht\Task 1 - Traduce tot site-ul\Doar Google Web\Andreea\Meditatii\2023\BarCode Biblioteca\Verificare Conexiune\diagnostice\diagnostic_20251120_183857.txt
[2025-11-20 18:39:06] ALEPH S-A OPRIT! Eroare: Remote end closed connection without response
[2025-11-20 18:39:15] ALEPH S-A OPRIT! Eroare: Remote end closed connection without response
[2025-11-20 18:39:45] ALEPH S-A REPORNIT! (dupa 1 esecuri consecutive)
[2025-11-20 18:40:06] ALEPH S-A REPORNIT! (dupa 2 esecuri consecutive)
[2025-11-20 18:40:48] Monitorizare automata pornita
[2025-11-20 18:42:19] ALEPH S-A OPRIT! Incepe verificare automata resurse...
[2025-11-20 18:42:37] ALEPH S-A OPRIT! Incepe verificare automata resurse...
[2025-11-20 18:42:43] Diagnostic salvat in: E:\Carte\BB\17 - Site Leadership\alte\Ionel Balauta\Aryeht\Task 1 - Traduce tot site-ul\Doar Google Web\Andreea\Meditatii\2023\BarCode Biblioteca\Verificare Conexiune\diagnostice\diagnostic_20251120_184219.txt
[2025-11-20 18:42:43] ALEPH S-A OPRIT! Eroare: Remote end closed connection without response
[2025-11-20 18:42:48] Diagnostic salvat in: E:\Carte\BB\17 - Site Leadership\alte\Ionel Balauta\Aryeht\Task 1 - Traduce tot site-ul\Doar Google Web\Andreea\Meditatii\2023\BarCode Biblioteca\Verificare Conexiune\diagnostice\diagnostic_20251120_184237.txt
[2025-11-20 18:42:48] ALEPH S-A OPRIT! Eroare: Remote end closed connection without response
[2025-11-20 18:43:14] ALEPH S-A REPORNIT! (dupa 1 esecuri consecutive)
[2025-11-20 18:43:18] ALEPH S-A REPORNIT! (dupa 1 esecuri consecutive)
[2025-11-20 19:12:57] ALEPH S-A OPRIT! Incepe verificare automata resurse...
[2025-11-20 19:13:08] Diagnostic salvat in: E:\Carte\BB\17 - Site Leadership\alte\Ionel Balauta\Aryeht\Task 1 - Traduce tot site-ul\Doar Google Web\Andreea\Meditatii\2023\BarCode Biblioteca\Verificare Conexiune\diagnostice\diagnostic_20251120_191257.txt
[2025-11-20 19:13:08] ALEPH S-A OPRIT! Eroare: Remote end closed connection without response
[2025-11-20 19:13:27] ALEPH S-A OPRIT! Incepe verificare automata resurse...
[2025-11-20 19:13:45] Diagnostic salvat in: E:\Carte\BB\17 - Site Leadership\alte\Ionel Balauta\Aryeht\Task 1 - Traduce tot site-ul\Doar Google Web\Andreea\Meditatii\2023\BarCode Biblioteca\Verificare Conexiune\diagnostice\diagnostic_20251120_191327.txt
[2025-11-20 19:13:46] ALEPH S-A OPRIT! Eroare: Remote end closed connection without response
[2025-11-20 19:14:08] ALEPH S-A REPORNIT! (dupa 2 esecuri consecutive)
[2025-11-20 19:14:16] ALEPH S-A REPORNIT! (dupa 1 esecuri consecutive)
[2025-11-20 19:15:09] ALEPH S-A OPRIT! Incepe verificare automata resurse...
[2025-11-20 19:15:16] ALEPH S-A OPRIT! Incepe verificare automata resurse...
[2025-11-20 19:15:18] Diagnostic salvat in: E:\Carte\BB\17 - Site Leadership\alte\Ionel Balauta\Aryeht\Task 1 - Traduce tot site-ul\Doar Google Web\Andreea\Meditatii\2023\BarCode Biblioteca\Verificare Conexiune\diagnostice\diagnostic_20251120_191509.txt
[2025-11-20 19:15:18] ALEPH S-A OPRIT! Eroare: Remote end closed connection without response
[2025-11-20 19:15:33] Diagnostic salvat in: E:\Carte\BB\17 - Site Leadership\alte\Ionel Balauta\Aryeht\Task 1 - Traduce tot site-ul\Doar Google Web\Andreea\Meditatii\2023\BarCode Biblioteca\Verificare Conexiune\diagnostice\diagnostic_20251120_191516.txt
[2025-11-20 19:15:33] ALEPH S-A OPRIT! Eroare: Remote end closed connection without response
[2025-11-20 19:15:48] ALEPH S-A REPORNIT! (dupa 1 esecuri consecutive)
[2025-11-20 19:16:03] ALEPH S-A REPORNIT! (dupa 1 esecuri consecutive)
[2025-11-20 19:17:48] ALEPH S-A OPRIT! Incepe verificare automata resurse...
[2025-11-20 19:17:57] Diagnostic salvat in: E:\Carte\BB\17 - Site Leadership\alte\Ionel Balauta\Aryeht\Task 1 - Traduce tot site-ul\Doar Google Web\Andreea\Meditatii\2023\BarCode Biblioteca\Verificare Conexiune\diagnostice\diagnostic_20251120_191748.txt
[2025-11-20 19:17:57] ALEPH S-A OPRIT! Eroare: Remote end closed connection without response
[2025-11-20 19:18:04] ALEPH S-A OPRIT! Incepe verificare automata resurse...
[2025-11-20 19:18:20] Diagnostic salvat in: E:\Carte\BB\17 - Site Leadership\alte\Ionel Balauta\Aryeht\Task 1 - Traduce tot site-ul\Doar Google Web\Andreea\Meditatii\2023\BarCode Biblioteca\Verificare Conexiune\diagnostice\diagnostic_20251120_191804.txt
[2025-11-20 19:18:21] ALEPH S-A OPRIT! Eroare: Remote end closed connection without response
[2025-11-20 19:18:51] ALEPH S-A REPORNIT! (dupa 1 esecuri consecutive)
[2025-11-20 19:18:57] ALEPH S-A REPORNIT! (dupa 2 esecuri consecutive)
[2025-11-20 19:19:51] ALEPH S-A OPRIT! Incepe verificare automata resurse...
[2025-11-20 19:20:24] Diagnostic salvat in: E:\Carte\BB\17 - Site Leadership\alte\Ionel Balauta\Aryeht\Task 1 - Traduce tot site-ul\Doar Google Web\Andreea\Meditatii\2023\BarCode Biblioteca\Verificare Conexiune\diagnostice\diagnostic_20251120_191951.txt
[2025-11-20 19:20:24] ALEPH S-A OPRIT! Eroare: Remote end closed connection without response
[2025-11-20 19:20:55] ALEPH S-A REPORNIT! (dupa 1 esecuri consecutive)
[2025-11-20 19:23:25] ALEPH S-A OPRIT! Incepe verificare automata resurse...
[2025-11-20 19:23:29] ALEPH S-A OPRIT! Incepe verificare automata resurse...
[2025-11-20 19:23:38] Diagnostic salvat in: E:\Carte\BB\17 - Site Leadership\alte\Ionel Balauta\Aryeht\Task 1 - Traduce tot site-ul\Doar Google Web\Andreea\Meditatii\2023\BarCode Biblioteca\Verificare Conexiune\diagnostice\diagnostic_20251120_192329.txt
[2025-11-20 19:23:38] ALEPH S-A OPRIT! Eroare: Remote end closed connection without response
[2025-11-20 19:23:42] Diagnostic salvat in: E:\Carte\BB\17 - Site Leadership\alte\Ionel Balauta\Aryeht\Task 1 - Traduce tot site-ul\Doar Google Web\Andreea\Meditatii\2023\BarCode Biblioteca\Verificare Conexiune\diagnostice\diagnostic_20251120_192325.txt
[2025-11-20 19:23:42] ALEPH S-A OPRIT! Eroare: Remote end closed connection without response
[2025-11-20 19:24:08] ALEPH S-A REPORNIT! (dupa 1 esecuri consecutive)
[2025-11-20 19:24:12] ALEPH S-A REPORNIT! (dupa 1 esecuri consecutive)
[2025-11-20 19:25:08] ALEPH S-A OPRIT! Incepe verificare automata resurse...
[2025-11-20 19:25:19] Diagnostic salvat in: E:\Carte\BB\17 - Site Leadership\alte\Ionel Balauta\Aryeht\Task 1 - Traduce tot site-ul\Doar Google Web\Andreea\Meditatii\2023\BarCode Biblioteca\Verificare Conexiune\diagnostice\diagnostic_20251120_192508.txt
[2025-11-20 19:25:19] ALEPH S-A OPRIT! Eroare: Remote end closed connection without response
[2025-11-20 19:25:49] ALEPH S-A REPORNIT! (dupa 1 esecuri consecutive)
[2025-11-20 19:35:31] ALEPH S-A OPRIT! Incepe verificare automata resurse...
[2025-11-20 19:36:46] Diagnostic salvat in: E:\Carte\BB\17 - Site Leadership\alte\Ionel Balauta\Aryeht\Task 1 - Traduce tot site-ul\Doar Google Web\Andreea\Meditatii\2023\BarCode Biblioteca\Verificare Conexiune\diagnostice\diagnostic_20251120_193531.txt
[2025-11-20 19:36:46] ALEPH S-A OPRIT! Eroare: timed out
[2025-11-20 19:37:16] ALEPH S-A REPORNIT! (dupa 1 esecuri consecutive)
[2025-11-20 19:39:07] Monitorizare automata pornita
[2025-11-20 19:42:09] ALEPH S-A OPRIT! Incepe verificare automata resurse...
[2025-11-20 19:42:19] ALEPH S-A OPRIT! Incepe verificare automata resurse...
[2025-11-20 19:42:30] Diagnostic salvat in: E:\Carte\BB\17 - Site Leadership\alte\Ionel Balauta\Aryeht\Task 1 - Traduce tot site-ul\Doar Google Web\Andreea\Meditatii\2023\BarCode Biblioteca\Verificare Conexiune\diagnostice\diagnostic_20251120_194219.txt
[2025-11-20 19:42:30] ALEPH S-A OPRIT! Eroare: Remote end closed connection without response
[2025-11-20 19:42:36] Diagnostic salvat in: E:\Carte\BB\17 - Site Leadership\alte\Ionel Balauta\Aryeht\Task 1 - Traduce tot site-ul\Doar Google Web\Andreea\Meditatii\2023\BarCode Biblioteca\Verificare Conexiune\diagnostice\diagnostic_20251120_194209.txt
[2025-11-20 19:42:36] ALEPH S-A OPRIT! Eroare: Remote end closed connection without response
[2025-11-20 19:43:30] ALEPH S-A REPORNIT! (dupa 2 esecuri consecutive)
[2025-11-20 19:43:37] ALEPH S-A REPORNIT! (dupa 2 esecuri consecutive)
[2025-11-20 19:58:12] ALEPH S-A OPRIT! Incepe verificare automata resurse...
[2025-11-20 19:58:34] ALEPH S-A OPRIT! Incepe verificare automata resurse...
[2025-11-20 19:58:46] Diagnostic salvat in: E:\Carte\BB\17 - Site Leadership\alte\Ionel Balauta\Aryeht\Task 1 - Traduce tot site-ul\Doar Google Web\Andreea\Meditatii\2023\BarCode Biblioteca\Verificare Conexiune\diagnostice\diagnostic_20251120_195812.txt
[2025-11-20 19:58:46] ALEPH S-A OPRIT! Eroare: Remote end closed connection without response
[2025-11-20 19:58:52] Diagnostic salvat in: E:\Carte\BB\17 - Site Leadership\alte\Ionel Balauta\Aryeht\Task 1 - Traduce tot site-ul\Doar Google Web\Andreea\Meditatii\2023\BarCode Biblioteca\Verificare Conexiune\diagnostice\diagnostic_20251120_195834.txt
[2025-11-20 19:58:52] ALEPH S-A OPRIT! Eroare: Remote end closed connection without response
[2025-11-20 19:59:16] ALEPH S-A REPORNIT! (dupa 1 esecuri consecutive)
[2025-11-20 19:59:22] ALEPH S-A REPORNIT! (dupa 1 esecuri consecutive)
[2025-11-20 20:13:56] ALEPH S-A OPRIT! Incepe verificare automata resurse...
[2025-11-20 20:14:05] Diagnostic salvat in: E:\Carte\BB\17 - Site Leadership\alte\Ionel Balauta\Aryeht\Task 1 - Traduce tot site-ul\Doar Google Web\Andreea\Meditatii\2023\BarCode Biblioteca\Verificare Conexiune\diagnostice\diagnostic_20251120_201356.txt
[2025-11-20 20:14:05] ALEPH S-A OPRIT! Eroare: Remote end closed connection without response
[2025-11-20 20:14:22] ALEPH S-A OPRIT! Incepe verificare automata resurse...
[2025-11-20 20:14:41] Diagnostic salvat in: E:\Carte\BB\17 - Site Leadership\alte\Ionel Balauta\Aryeht\Task 1 - Traduce tot site-ul\Doar Google Web\Andreea\Meditatii\2023\BarCode Biblioteca\Verificare Conexiune\diagnostice\diagnostic_20251120_201422.txt
[2025-11-20 20:14:41] ALEPH S-A OPRIT! Eroare: Remote end closed connection without response
[2025-11-20 20:15:05] ALEPH S-A REPORNIT! (dupa 2 esecuri consecutive)
[2025-11-20 20:15:11] ALEPH S-A REPORNIT! (dupa 1 esecuri consecutive)
[2025-11-20 20:29:47] ALEPH S-A OPRIT! Incepe verificare automata resurse...
[2025-11-20 20:30:09] ALEPH S-A OPRIT! Incepe verificare automata resurse...
[2025-11-20 20:30:18] Diagnostic salvat in: E:\Carte\BB\17 - Site Leadership\alte\Ionel Balauta\Aryeht\Task 1 - Traduce tot site-ul\Doar Google Web\Andreea\Meditatii\2023\BarCode Biblioteca\Verificare Conexiune\diagnostice\diagnostic_20251120_203009.txt
[2025-11-20 20:30:18] ALEPH S-A OPRIT! Eroare: Remote end closed connection without response
[2025-11-20 20:30:48] ALEPH S-A REPORNIT! (dupa 1 esecuri consecutive)
[2025-11-20 20:45:51] ALEPH S-A OPRIT! Incepe verificare automata resurse...
[2025-11-20 20:46:00] Diagnostic salvat in: E:\Carte\BB\17 - Site Leadership\alte\Ionel Balauta\Aryeht\Task 1 - Traduce tot site-ul\Doar Google Web\Andreea\Meditatii\2023\BarCode Biblioteca\Verificare Conexiune\diagnostice\diagnostic_20251120_204551.txt
[2025-11-20 20:46:00] ALEPH S-A OPRIT! Eroare: Remote end closed connection without response
[2025-11-20 20:47:00] ALEPH S-A REPORNIT! (dupa 2 esecuri consecutive)
[2025-11-20 21:02:04] ALEPH S-A OPRIT! Incepe verificare automata resurse...
[2025-11-20 21:02:13] Diagnostic salvat in: E:\Carte\BB\17 - Site Leadership\alte\Ionel Balauta\Aryeht\Task 1 - Traduce tot site-ul\Doar Google Web\Andreea\Meditatii\2023\BarCode Biblioteca\Verificare Conexiune\diagnostice\diagnostic_20251120_210204.txt
[2025-11-20 21:02:13] ALEPH S-A OPRIT! Eroare: Remote end closed connection without response
[2025-11-20 21:02:44] ALEPH S-A REPORNIT! (dupa 1 esecuri consecutive)
[2025-11-20 21:18:18] ALEPH S-A OPRIT! Incepe verificare automata resurse...
[2025-11-20 21:18:28] Diagnostic salvat in: E:\Carte\BB\17 - Site Leadership\alte\Ionel Balauta\Aryeht\Task 1 - Traduce tot site-ul\Doar Google Web\Andreea\Meditatii\2023\BarCode Biblioteca\Verificare Conexiune\diagnostice\diagnostic_20251120_211818.txt
[2025-11-20 21:18:28] ALEPH S-A OPRIT! Eroare: Remote end closed connection without response
[2025-11-20 21:18:58] ALEPH S-A REPORNIT! (dupa 1 esecuri consecutive)
[2025-11-20 21:23:29] ALEPH S-A OPRIT! Incepe verificare automata resurse...
[2025-11-20 21:23:38] Diagnostic salvat in: E:\Carte\BB\17 - Site Leadership\alte\Ionel Balauta\Aryeht\Task 1 - Traduce tot site-ul\Doar Google Web\Andreea\Meditatii\2023\BarCode Biblioteca\Verificare Conexiune\diagnostice\diagnostic_20251120_212329.txt
[2025-11-20 21:23:38] ALEPH S-A OPRIT! Eroare: Remote end closed connection without response
[2025-11-20 21:24:38] ALEPH S-A REPORNIT! (dupa 2 esecuri consecutive)
[2025-11-20 21:39:45] ALEPH S-A OPRIT! Incepe verificare automata resurse...
[2025-11-20 21:39:56] Diagnostic salvat in: E:\Carte\BB\17 - Site Leadership\alte\Ionel Balauta\Aryeht\Task 1 - Traduce tot site-ul\Doar Google Web\Andreea\Meditatii\2023\BarCode Biblioteca\Verificare Conexiune\diagnostice\diagnostic_20251120_213945.txt
[2025-11-20 21:39:56] ALEPH S-A OPRIT! Eroare: Remote end closed connection without response
[2025-11-20 21:40:26] ALEPH S-A REPORNIT! (dupa 1 esecuri consecutive)
[2025-11-20 21:58:31] ALEPH S-A OPRIT! Incepe verificare automata resurse...
[2025-11-20 21:58:39] Diagnostic salvat in: E:\Carte\BB\17 - Site Leadership\alte\Ionel Balauta\Aryeht\Task 1 - Traduce tot site-ul\Doar Google Web\Andreea\Meditatii\2023\BarCode Biblioteca\Verificare Conexiune\diagnostice\diagnostic_20251120_215831.txt
[2025-11-20 21:58:39] ALEPH S-A OPRIT! Eroare: Remote end closed connection without response
[2025-11-20 21:59:09] ALEPH S-A REPORNIT! (dupa 1 esecuri consecutive)
[2025-11-20 22:01:40] ALEPH S-A OPRIT! Incepe verificare automata resurse...
[2025-11-20 22:01:49] Diagnostic salvat in: E:\Carte\BB\17 - Site Leadership\alte\Ionel Balauta\Aryeht\Task 1 - Traduce tot site-ul\Doar Google Web\Andreea\Meditatii\2023\BarCode Biblioteca\Verificare Conexiune\diagnostice\diagnostic_20251120_220140.txt
[2025-11-20 22:01:49] ALEPH S-A OPRIT! Eroare: Remote end closed connection without response
[2025-11-20 22:02:49] ATENTIE: 3 esecuri consecutive - Aleph pare sa fie oprit
[2025-11-20 22:03:19] ATENTIE: 4 esecuri consecutive - Aleph pare sa fie oprit
[2025-11-20 22:03:49] ATENTIE: 5 esecuri consecutive - Aleph pare sa fie oprit
[2025-11-20 22:04:19] ATENTIE: 6 esecuri consecutive - Aleph pare sa fie oprit
[2025-11-20 22:04:49] ATENTIE: 7 esecuri consecutive - Aleph pare sa fie oprit
[2025-11-20 22:05:20] ATENTIE: 8 esecuri consecutive - Aleph pare sa fie oprit
[2025-11-20 22:05:50] ATENTIE: 9 esecuri consecutive - Aleph pare sa fie oprit
[2025-11-20 22:06:20] ATENTIE: 10 esecuri consecutive - Aleph pare sa fie oprit
[2025-11-20 22:06:50] ATENTIE: 11 esecuri consecutive - Aleph pare sa fie oprit
[2025-11-20 22:07:20] ALEPH S-A REPORNIT! (dupa 11 esecuri consecutive)
[2025-11-20 22:07:50] ALEPH S-A OPRIT! Incepe verificare automata resurse...
[2025-11-20 22:07:59] Diagnostic salvat in: E:\Carte\BB\17 - Site Leadership\alte\Ionel Balauta\Aryeht\Task 1 - Traduce tot site-ul\Doar Google Web\Andreea\Meditatii\2023\BarCode Biblioteca\Verificare Conexiune\diagnostice\diagnostic_20251120_220750.txt
[2025-11-20 22:07:59] ALEPH S-A OPRIT! Eroare: Remote end closed connection without response
[2025-11-20 22:08:59] ATENTIE: 3 esecuri consecutive - Aleph pare sa fie oprit
[2025-11-20 22:09:30] ATENTIE: 4 esecuri consecutive - Aleph pare sa fie oprit
[2025-11-20 22:10:00] ATENTIE: 5 esecuri consecutive - Aleph pare sa fie oprit
[2025-11-20 22:10:30] ALEPH S-A REPORNIT! (dupa 5 esecuri consecutive)
[2025-11-20 22:11:00] ALEPH S-A OPRIT! Incepe verificare automata resurse...
[2025-11-20 22:11:08] Diagnostic salvat in: E:\Carte\BB\17 - Site Leadership\alte\Ionel Balauta\Aryeht\Task 1 - Traduce tot site-ul\Doar Google Web\Andreea\Meditatii\2023\BarCode Biblioteca\Verificare Conexiune\diagnostice\diagnostic_20251120_221100.txt
[2025-11-20 22:11:08] ALEPH S-A OPRIT! Eroare: Remote end closed connection without response
[2025-11-20 22:12:09] ATENTIE: 3 esecuri consecutive - Aleph pare sa fie oprit
[2025-11-20 22:12:39] ATENTIE: 4 esecuri consecutive - Aleph pare sa fie oprit
[2025-11-20 22:13:09] ATENTIE: 5 esecuri consecutive - Aleph pare sa fie oprit
[2025-11-20 22:13:39] ATENTIE: 6 esecuri consecutive - Aleph pare sa fie oprit
[2025-11-20 22:14:09] ATENTIE: 7 esecuri consecutive - Aleph pare sa fie oprit
[2025-11-20 22:14:39] ATENTIE: 8 esecuri consecutive - Aleph pare sa fie oprit
[2025-11-20 22:15:09] ATENTIE: 9 esecuri consecutive - Aleph pare sa fie oprit
[2025-11-20 22:15:39] ATENTIE: 10 esecuri consecutive - Aleph pare sa fie oprit
[2025-11-20 22:16:10] ATENTIE: 11 esecuri consecutive - Aleph pare sa fie oprit
[2025-11-20 22:16:41] ATENTIE: 12 esecuri consecutive - Aleph pare sa fie oprit
[2025-11-20 22:17:11] ATENTIE: 13 esecuri consecutive - Aleph pare sa fie oprit
[2025-11-20 22:17:41] ATENTIE: 14 esecuri consecutive - Aleph pare sa fie oprit
[2025-11-20 22:18:11] ATENTIE: 15 esecuri consecutive - Aleph pare sa fie oprit
[2025-11-20 22:18:42] ATENTIE: 16 esecuri consecutive - Aleph pare sa fie oprit
[2025-11-20 22:19:12] ATENTIE: 17 esecuri consecutive - Aleph pare sa fie oprit
[2025-11-20 22:19:42] ATENTIE: 18 esecuri consecutive - Aleph pare sa fie oprit
[2025-11-20 22:20:12] ATENTIE: 19 esecuri consecutive - Aleph pare sa fie oprit
[2025-11-20 22:20:42] ATENTIE: 20 esecuri consecutive - Aleph pare sa fie oprit
[2025-11-20 22:21:12] ATENTIE: 21 esecuri consecutive - Aleph pare sa fie oprit
[2025-11-20 22:21:42] ATENTIE: 22 esecuri consecutive - Aleph pare sa fie oprit
[2025-11-20 22:22:12] ATENTIE: 23 esecuri consecutive - Aleph pare sa fie oprit
[2025-11-20 22:22:42] ALEPH S-A REPORNIT! (dupa 23 esecuri consecutive)
[2025-11-20 22:23:13] ALEPH S-A OPRIT! Incepe verificare automata resurse...
[2025-11-20 22:23:27] Diagnostic salvat in: E:\Carte\BB\17 - Site Leadership\alte\Ionel Balauta\Aryeht\Task 1 - Traduce tot site-ul\Doar Google Web\Andreea\Meditatii\2023\BarCode Biblioteca\Verificare Conexiune\diagnostice\diagnostic_20251120_222313.txt
[2025-11-20 22:23:27] ALEPH S-A OPRIT! Eroare: Remote end closed connection without response
[2025-11-20 22:24:27] ATENTIE: 3 esecuri consecutive - Aleph pare sa fie oprit
[2025-11-20 22:24:57] ATENTIE: 4 esecuri consecutive - Aleph pare sa fie oprit
[2025-11-20 22:25:27] ATENTIE: 5 esecuri consecutive - Aleph pare sa fie oprit
[2025-11-20 22:25:57] ATENTIE: 6 esecuri consecutive - Aleph pare sa fie oprit
[2025-11-20 22:26:27] ATENTIE: 7 esecuri consecutive - Aleph pare sa fie oprit
[2025-11-20 22:26:57] ATENTIE: 8 esecuri consecutive - Aleph pare sa fie oprit
[2025-11-20 22:27:27] ATENTIE: 9 esecuri consecutive - Aleph pare sa fie oprit
[2025-11-20 22:27:58] ATENTIE: 10 esecuri consecutive - Aleph pare sa fie oprit
[2025-11-20 22:28:28] ATENTIE: 11 esecuri consecutive - Aleph pare sa fie oprit
[2025-11-20 22:28:58] ATENTIE: 12 esecuri consecutive - Aleph pare sa fie oprit
[2025-11-20 22:29:28] ATENTIE: 13 esecuri consecutive - Aleph pare sa fie oprit
[2025-11-20 22:29:58] ALEPH S-A REPORNIT! (dupa 13 esecuri consecutive)
[2025-11-20 22:30:28] ALEPH S-A OPRIT! Incepe verificare automata resurse...
[2025-11-20 22:30:37] Diagnostic salvat in: E:\Carte\BB\17 - Site Leadership\alte\Ionel Balauta\Aryeht\Task 1 - Traduce tot site-ul\Doar Google Web\Andreea\Meditatii\2023\BarCode Biblioteca\Verificare Conexiune\diagnostice\diagnostic_20251120_223028.txt
[2025-11-20 22:30:37] ALEPH S-A OPRIT! Eroare: Remote end closed connection without response
[2025-11-20 22:31:37] ATENTIE: 3 esecuri consecutive - Aleph pare sa fie oprit
[2025-11-20 22:32:07] ATENTIE: 4 esecuri consecutive - Aleph pare sa fie oprit
[2025-11-20 22:32:37] ATENTIE: 5 esecuri consecutive - Aleph pare sa fie oprit
[2025-11-20 22:33:07] ATENTIE: 6 esecuri consecutive - Aleph pare sa fie oprit
[2025-11-20 22:33:37] ALEPH S-A REPORNIT! (dupa 6 esecuri consecutive)
[2025-11-20 22:34:38] ALEPH S-A OPRIT! Incepe verificare automata resurse...
[2025-11-20 22:34:46] Diagnostic salvat in: E:\Carte\BB\17 - Site Leadership\alte\Ionel Balauta\Aryeht\Task 1 - Traduce tot site-ul\Doar Google Web\Andreea\Meditatii\2023\BarCode Biblioteca\Verificare Conexiune\diagnostice\diagnostic_20251120_223438.txt
[2025-11-20 22:34:46] ALEPH S-A OPRIT! Eroare: Remote end closed connection without response
[2025-11-20 22:35:46] ATENTIE: 3 esecuri consecutive - Aleph pare sa fie oprit
[2025-11-20 22:36:16] ATENTIE: 4 esecuri consecutive - Aleph pare sa fie oprit
[2025-11-20 22:36:47] ATENTIE: 5 esecuri consecutive - Aleph pare sa fie oprit
[2025-11-20 22:37:17] ATENTIE: 6 esecuri consecutive - Aleph pare sa fie oprit
[2025-11-20 22:37:47] ATENTIE: 7 esecuri consecutive - Aleph pare sa fie oprit
[2025-11-20 22:38:17] ATENTIE: 8 esecuri consecutive - Aleph pare sa fie oprit
[2025-11-20 22:38:48] ATENTIE: 9 esecuri consecutive - Aleph pare sa fie oprit
[2025-11-20 22:39:18] ATENTIE: 10 esecuri consecutive - Aleph pare sa fie oprit
[2025-11-20 22:39:48] ATENTIE: 11 esecuri consecutive - Aleph pare sa fie oprit
[2025-11-20 22:40:18] ATENTIE: 12 esecuri consecutive - Aleph pare sa fie oprit
[2025-11-20 22:40:48] ALEPH S-A REPORNIT! (dupa 12 esecuri consecutive)
[2025-11-20 22:41:18] ALEPH S-A OPRIT! Incepe verificare automata resurse...
[2025-11-20 22:41:27] Diagnostic salvat in: E:\Carte\BB\17 - Site Leadership\alte\Ionel Balauta\Aryeht\Task 1 - Traduce tot site-ul\Doar Google Web\Andreea\Meditatii\2023\BarCode Biblioteca\Verificare Conexiune\diagnostice\diagnostic_20251120_224118.txt
[2025-11-20 22:41:27] ALEPH S-A OPRIT! Eroare: Remote end closed connection without response
[2025-11-20 22:42:27] ATENTIE: 3 esecuri consecutive - Aleph pare sa fie oprit
[2025-11-20 22:42:57] ATENTIE: 4 esecuri consecutive - Aleph pare sa fie oprit
[2025-11-20 22:43:28] ATENTIE: 5 esecuri consecutive - Aleph pare sa fie oprit
[2025-11-20 22:43:58] ATENTIE: 6 esecuri consecutive - Aleph pare sa fie oprit
[2025-11-20 22:44:28] ATENTIE: 7 esecuri consecutive - Aleph pare sa fie oprit
[2025-11-20 22:44:58] ATENTIE: 8 esecuri consecutive - Aleph pare sa fie oprit
[2025-11-20 22:45:28] ATENTIE: 9 esecuri consecutive - Aleph pare sa fie oprit
[2025-11-20 22:45:59] ATENTIE: 10 esecuri consecutive - Aleph pare sa fie oprit
[2025-11-20 22:46:29] ATENTIE: 11 esecuri consecutive - Aleph pare sa fie oprit
[2025-11-20 22:46:59] ATENTIE: 12 esecuri consecutive - Aleph pare sa fie oprit
[2025-11-20 22:47:29] ALEPH S-A REPORNIT! (dupa 12 esecuri consecutive)
[2025-11-20 22:47:59] ALEPH S-A OPRIT! Incepe verificare automata resurse...
[2025-11-20 22:48:08] Diagnostic salvat in: E:\Carte\BB\17 - Site Leadership\alte\Ionel Balauta\Aryeht\Task 1 - Traduce tot site-ul\Doar Google Web\Andreea\Meditatii\2023\BarCode Biblioteca\Verificare Conexiune\diagnostice\diagnostic_20251120_224759.txt
[2025-11-20 22:48:08] ALEPH S-A OPRIT! Eroare: Remote end closed connection without response
[2025-11-20 22:49:08] ATENTIE: 3 esecuri consecutive - Aleph pare sa fie oprit
[2025-11-20 22:49:39] ATENTIE: 4 esecuri consecutive - Aleph pare sa fie oprit
[2025-11-20 22:50:09] ATENTIE: 5 esecuri consecutive - Aleph pare sa fie oprit
[2025-11-20 22:50:39] ATENTIE: 6 esecuri consecutive - Aleph pare sa fie oprit
[2025-11-20 22:51:09] ATENTIE: 7 esecuri consecutive - Aleph pare sa fie oprit
[2025-11-20 22:51:39] ATENTIE: 8 esecuri consecutive - Aleph pare sa fie oprit
[2025-11-20 22:52:09] ATENTIE: 9 esecuri consecutive - Aleph pare sa fie oprit
[2025-11-20 23:39:38] ATENTIE: 10 esecuri consecutive - Aleph pare sa fie oprit
[2025-11-20 23:40:08] ATENTIE: 11 esecuri consecutive - Aleph pare sa fie oprit
[2025-11-20 23:40:36] Monitorizare automata pornita
[2025-11-20 23:40:38] ATENTIE: 12 esecuri consecutive - Aleph pare sa fie oprit
[2025-11-20 23:41:08] ATENTIE: 13 esecuri consecutive - Aleph pare sa fie oprit
[2025-11-20 23:41:36] ATENTIE: 3 esecuri consecutive - Aleph pare sa fie oprit
[2025-11-20 23:41:38] ATENTIE: 14 esecuri consecutive - Aleph pare sa fie oprit
[2025-11-20 23:42:06] ATENTIE: 4 esecuri consecutive - Aleph pare sa fie oprit
[2025-11-20 23:42:08] ATENTIE: 15 esecuri consecutive - Aleph pare sa fie oprit
[2025-11-20 23:42:39] ATENTIE: 16 esecuri consecutive - Aleph pare sa fie oprit
[2025-11-20 23:43:09] ATENTIE: 17 esecuri consecutive - Aleph pare sa fie oprit
[2025-11-20 23:43:39] ATENTIE: 18 esecuri consecutive - Aleph pare sa fie oprit
[2025-11-20 23:44:09] ATENTIE: 19 esecuri consecutive - Aleph pare sa fie oprit
[2025-11-20 23:44:39] ATENTIE: 20 esecuri consecutive - Aleph pare sa fie oprit
[2025-11-20 23:45:09] ATENTIE: 21 esecuri consecutive - Aleph pare sa fie oprit
[2025-11-20 23:45:39] ATENTIE: 22 esecuri consecutive - Aleph pare sa fie oprit
[2025-11-20 23:46:09] ATENTIE: 23 esecuri consecutive - Aleph pare sa fie oprit
[2025-11-20 23:46:40] ATENTIE: 24 esecuri consecutive - Aleph pare sa fie oprit
[2025-11-20 23:47:10] ATENTIE: 25 esecuri consecutive - Aleph pare sa fie oprit
[2025-11-20 23:47:40] ATENTIE: 26 esecuri consecutive - Aleph pare sa fie oprit
[2025-11-20 23:48:11] ATENTIE: 27 esecuri consecutive - Aleph pare sa fie oprit
[2025-11-20 23:48:41] ATENTIE: 28 esecuri consecutive - Aleph pare sa fie oprit
[2025-11-20 23:49:11] ATENTIE: 29 esecuri consecutive - Aleph pare sa fie oprit
[2025-11-20 23:49:41] ATENTIE: 30 esecuri consecutive - Aleph pare sa fie oprit
[2025-11-20 23:50:11] ATENTIE: 31 esecuri consecutive - Aleph pare sa fie oprit
[2025-11-20 23:50:41] ATENTIE: 32 esecuri consecutive - Aleph pare sa fie oprit
[2025-11-20 23:51:11] ATENTIE: 33 esecuri consecutive - Aleph pare sa fie oprit
[2025-11-20 23:51:41] ATENTIE: 34 esecuri consecutive - Aleph pare sa fie oprit
[2025-11-20 23:52:11] ATENTIE: 35 esecuri consecutive - Aleph pare sa fie oprit
[2025-11-20 23:52:42] ATENTIE: 36 esecuri consecutive - Aleph pare sa fie oprit
[2025-11-20 23:53:12] ATENTIE: 37 esecuri consecutive - Aleph pare sa fie oprit
[2025-11-20 23:53:42] ATENTIE: 38 esecuri consecutive - Aleph pare sa fie oprit
[2025-11-20 23:54:12] ATENTIE: 39 esecuri consecutive - Aleph pare sa fie oprit
[2025-11-20 23:54:42] ATENTIE: 40 esecuri consecutive - Aleph pare sa fie oprit
[2025-11-20 23:55:12] ATENTIE: 41 esecuri consecutive - Aleph pare sa fie oprit
[2025-11-20 23:55:42] ATENTIE: 42 esecuri consecutive - Aleph pare sa fie oprit
[2025-11-20 23:56:12] ATENTIE: 43 esecuri consecutive - Aleph pare sa fie oprit
[2025-11-20 23:56:42] ATENTIE: 44 esecuri consecutive - Aleph pare sa fie oprit
[2025-11-20 23:57:12] ATENTIE: 45 esecuri consecutive - Aleph pare sa fie oprit
[2025-11-20 23:57:43] ATENTIE: 46 esecuri consecutive - Aleph pare sa fie oprit
[2025-11-20 23:58:13] ATENTIE: 47 esecuri consecutive - Aleph pare sa fie oprit
[2025-11-20 23:58:43] ATENTIE: 48 esecuri consecutive - Aleph pare sa fie oprit
[2025-11-20 23:59:13] ATENTIE: 49 esecuri consecutive - Aleph pare sa fie oprit
[2025-11-20 23:59:43] ATENTIE: 50 esecuri consecutive - Aleph pare sa fie oprit
[2025-11-21 00:00:13] ATENTIE: 51 esecuri consecutive - Aleph pare sa fie oprit
[2025-11-21 00:00:43] ATENTIE: 52 esecuri consecutive - Aleph pare sa fie oprit
[2025-11-21 00:01:13] ATENTIE: 53 esecuri consecutive - Aleph pare sa fie oprit
[2025-11-21 00:01:43] ATENTIE: 54 esecuri consecutive - Aleph pare sa fie oprit
[2025-11-21 00:02:13] ATENTIE: 55 esecuri consecutive - Aleph pare sa fie oprit
[2025-11-21 00:02:44] ATENTIE: 56 esecuri consecutive - Aleph pare sa fie oprit
[2025-11-21 00:03:14] ATENTIE: 57 esecuri consecutive - Aleph pare sa fie oprit
[2025-11-21 00:03:44] ATENTIE: 58 esecuri consecutive - Aleph pare sa fie oprit
[2025-11-21 00:04:14] ATENTIE: 59 esecuri consecutive - Aleph pare sa fie oprit
[2025-11-21 00:04:44] ATENTIE: 60 esecuri consecutive - Aleph pare sa fie oprit
[2025-11-21 00:05:14] ATENTIE: 61 esecuri consecutive - Aleph pare sa fie oprit
[2025-11-21 00:05:45] ATENTIE: 62 esecuri consecutive - Aleph pare sa fie oprit
[2025-11-21 00:06:15] ATENTIE: 63 esecuri consecutive - Aleph pare sa fie oprit
[2025-11-21 00:06:45] ATENTIE: 64 esecuri consecutive - Aleph pare sa fie oprit
[2025-11-21 00:07:15] ATENTIE: 65 esecuri consecutive - Aleph pare sa fie oprit
[2025-11-21 00:07:45] ATENTIE: 66 esecuri consecutive - Aleph pare sa fie oprit
[2025-11-21 00:08:15] ATENTIE: 67 esecuri consecutive - Aleph pare sa fie oprit
[2025-11-21 00:08:45] ATENTIE: 68 esecuri consecutive - Aleph pare sa fie oprit
[2025-11-21 00:09:15] ATENTIE: 69 esecuri consecutive - Aleph pare sa fie oprit
[2025-11-21 00:09:45] ATENTIE: 70 esecuri consecutive - Aleph pare sa fie oprit
[2025-11-21 00:10:16] ATENTIE: 71 esecuri consecutive - Aleph pare sa fie oprit
[2025-11-21 00:10:46] ATENTIE: 72 esecuri consecutive - Aleph pare sa fie oprit
[2025-11-21 00:11:16] ATENTIE: 73 esecuri consecutive - Aleph pare sa fie oprit
[2025-11-21 00:11:47] ATENTIE: 74 esecuri consecutive - Aleph pare sa fie oprit
[2025-11-21 00:12:17] ATENTIE: 75 esecuri consecutive - Aleph pare sa fie oprit
[2025-11-21 00:12:47] ATENTIE: 76 esecuri consecutive - Aleph pare sa fie oprit
[2025-11-21 00:13:17] ATENTIE: 77 esecuri consecutive - Aleph pare sa fie oprit
[2025-11-21 00:13:47] ATENTIE: 78 esecuri consecutive - Aleph pare sa fie oprit
[2025-11-21 00:14:18] ATENTIE: 79 esecuri consecutive - Aleph pare sa fie oprit
[2025-11-21 00:14:48] ATENTIE: 80 esecuri consecutive - Aleph pare sa fie oprit
[2025-11-21 00:15:18] ATENTIE: 81 esecuri consecutive - Aleph pare sa fie oprit
[2025-11-21 00:15:48] ATENTIE: 82 esecuri consecutive - Aleph pare sa fie oprit
[2025-11-21 00:16:18] ATENTIE: 83 esecuri consecutive - Aleph pare sa fie oprit
[2025-11-21 00:16:48] ATENTIE: 84 esecuri consecutive - Aleph pare sa fie oprit
[2025-11-21 00:17:18] ATENTIE: 85 esecuri consecutive - Aleph pare sa fie oprit
[2025-11-21 00:17:48] ATENTIE: 86 esecuri consecutive - Aleph pare sa fie oprit
[2025-11-21 00:18:18] ATENTIE: 87 esecuri consecutive - Aleph pare sa fie oprit
[2025-11-21 00:18:48] ATENTIE: 88 esecuri consecutive - Aleph pare sa fie oprit
[2025-11-21 00:19:19] ATENTIE: 89 esecuri consecutive - Aleph pare sa fie oprit
[2025-11-21 00:19:49] ATENTIE: 90 esecuri consecutive - Aleph pare sa fie oprit
[2025-11-21 00:20:19] ATENTIE: 91 esecuri consecutive - Aleph pare sa fie oprit
[2025-11-21 00:20:49] ATENTIE: 92 esecuri consecutive - Aleph pare sa fie oprit
[2025-11-21 00:21:19] ATENTIE: 93 esecuri consecutive - Aleph pare sa fie oprit
[2025-11-21 00:21:49] ATENTIE: 94 esecuri consecutive - Aleph pare sa fie oprit
[2025-11-21 00:22:19] ATENTIE: 95 esecuri consecutive - Aleph pare sa fie oprit
[2025-11-21 00:22:49] ATENTIE: 96 esecuri consecutive - Aleph pare sa fie oprit
[2025-11-21 00:23:19] ATENTIE: 97 esecuri consecutive - Aleph pare sa fie oprit
[2025-11-21 00:23:50] ATENTIE: 98 esecuri consecutive - Aleph pare sa fie oprit
[2025-11-21 00:24:20] ATENTIE: 99 esecuri consecutive - Aleph pare sa fie oprit
[2025-11-21 00:24:50] ATENTIE: 100 esecuri consecutive - Aleph pare sa fie oprit
[2025-11-21 00:25:20] ATENTIE: 101 esecuri consecutive - Aleph pare sa fie oprit
[2025-11-21 00:25:50] ATENTIE: 102 esecuri consecutive - Aleph pare sa fie oprit
[2025-11-21 00:26:20] ATENTIE: 103 esecuri consecutive - Aleph pare sa fie oprit
[2025-11-21 00:26:50] ATENTIE: 104 esecuri consecutive - Aleph pare sa fie oprit
[2025-11-21 00:27:21] ATENTIE: 105 esecuri consecutive - Aleph pare sa fie oprit
[2025-11-21 00:27:51] ATENTIE: 106 esecuri consecutive - Aleph pare sa fie oprit
[2025-11-21 00:28:21] ATENTIE: 107 esecuri consecutive - Aleph pare sa fie oprit
[2025-11-21 00:28:51] ATENTIE: 108 esecuri consecutive - Aleph pare sa fie oprit
[2025-11-21 00:29:21] ATENTIE: 109 esecuri consecutive - Aleph pare sa fie oprit
[2025-11-21 00:29:51] ATENTIE: 110 esecuri consecutive - Aleph pare sa fie oprit
[2025-11-21 00:30:21] ATENTIE: 111 esecuri consecutive - Aleph pare sa fie oprit
[2025-11-21 00:30:52] ATENTIE: 112 esecuri consecutive - Aleph pare sa fie oprit
[2025-11-21 00:31:22] ATENTIE: 113 esecuri consecutive - Aleph pare sa fie oprit
[2025-11-21 00:31:52] ATENTIE: 114 esecuri consecutive - Aleph pare sa fie oprit
[2025-11-21 00:32:22] ATENTIE: 115 esecuri consecutive - Aleph pare sa fie oprit
[2025-11-21 00:32:52] ATENTIE: 116 esecuri consecutive - Aleph pare sa fie oprit
[2025-11-21 00:33:22] ATENTIE: 117 esecuri consecutive - Aleph pare sa fie oprit
[2025-11-21 00:33:52] ATENTIE: 118 esecuri consecutive - Aleph pare sa fie oprit
[2025-11-21 00:34:22] ATENTIE: 119 esecuri consecutive - Aleph pare sa fie oprit
[2025-11-21 00:34:52] ATENTIE: 120 esecuri consecutive - Aleph pare sa fie oprit
[2025-11-21 00:35:23] ATENTIE: 121 esecuri consecutive - Aleph pare sa fie oprit
[2025-11-21 00:35:53] ATENTIE: 122 esecuri consecutive - Aleph pare sa fie oprit
[2025-11-21 00:36:23] ATENTIE: 123 esecuri consecutive - Aleph pare sa fie oprit
[2025-11-21 00:36:53] ATENTIE: 124 esecuri consecutive - Aleph pare sa fie oprit
[2025-11-21 00:37:23] ATENTIE: 125 esecuri consecutive - Aleph pare sa fie oprit
[2025-11-21 00:37:53] ATENTIE: 126 esecuri consecutive - Aleph pare sa fie oprit
[2025-11-21 00:38:23] ATENTIE: 127 esecuri consecutive - Aleph pare sa fie oprit
[2025-11-21 00:38:53] ATENTIE: 128 esecuri consecutive - Aleph pare sa fie oprit
[2025-11-21 00:39:23] ATENTIE: 129 esecuri consecutive - Aleph pare sa fie oprit
[2025-11-21 00:39:53] ATENTIE: 130 esecuri consecutive - Aleph pare sa fie oprit
[2025-11-21 00:40:24] ATENTIE: 131 esecuri consecutive - Aleph pare sa fie oprit
[2025-11-21 00:40:54] ATENTIE: 132 esecuri consecutive - Aleph pare sa fie oprit
[2025-11-21 00:41:24] ATENTIE: 133 esecuri consecutive - Aleph pare sa fie oprit
[2025-11-21 00:41:54] ATENTIE: 134 esecuri consecutive - Aleph pare sa fie oprit
[2025-11-21 00:42:24] ATENTIE: 135 esecuri consecutive - Aleph pare sa fie oprit
[2025-11-21 00:42:54] ATENTIE: 136 esecuri consecutive - Aleph pare sa fie oprit
[2025-11-21 00:43:24] ATENTIE: 137 esecuri consecutive - Aleph pare sa fie oprit
[2025-11-21 00:43:54] ATENTIE: 138 esecuri consecutive - Aleph pare sa fie oprit
[2025-11-21 00:44:24] ATENTIE: 139 esecuri consecutive - Aleph pare sa fie oprit
[2025-11-21 00:44:55] ATENTIE: 140 esecuri consecutive - Aleph pare sa fie oprit
[2025-11-21 00:45:25] ATENTIE: 141 esecuri consecutive - Aleph pare sa fie oprit
[2025-11-21 00:45:55] ATENTIE: 142 esecuri consecutive - Aleph pare sa fie oprit
[2025-11-21 00:46:25] ATENTIE: 143 esecuri consecutive - Aleph pare sa fie oprit
[2025-11-21 00:46:55] ATENTIE: 144 esecuri consecutive - Aleph pare sa fie oprit
[2025-11-21 00:47:25] ATENTIE: 145 esecuri consecutive - Aleph pare sa fie oprit
[2025-11-21 00:47:55] ATENTIE: 146 esecuri consecutive - Aleph pare sa fie oprit
[2025-11-21 00:48:25] ATENTIE: 147 esecuri consecutive - Aleph pare sa fie oprit
[2025-11-21 00:48:55] ATENTIE: 148 esecuri consecutive - Aleph pare sa fie oprit
[2025-11-21 00:49:26] ATENTIE: 149 esecuri consecutive - Aleph pare sa fie oprit
[2025-11-21 00:49:56] ATENTIE: 150 esecuri consecutive - Aleph pare sa fie oprit
[2025-11-21 00:50:26] ATENTIE: 151 esecuri consecutive - Aleph pare sa fie oprit
[2025-11-21 00:50:56] ATENTIE: 152 esecuri consecutive - Aleph pare sa fie oprit
[2025-11-21 00:51:26] ATENTIE: 153 esecuri consecutive - Aleph pare sa fie oprit
[2025-11-21 00:51:56] ATENTIE: 154 esecuri consecutive - Aleph pare sa fie oprit
[2025-11-21 00:52:26] ATENTIE: 155 esecuri consecutive - Aleph pare sa fie oprit
[2025-11-21 00:52:56] ATENTIE: 156 esecuri consecutive - Aleph pare sa fie oprit
[2025-11-21 00:53:26] ATENTIE: 157 esecuri consecutive - Aleph pare sa fie oprit
[2025-11-21 00:53:56] ATENTIE: 158 esecuri consecutive - Aleph pare sa fie oprit
[2025-11-21 00:54:27] ATENTIE: 159 esecuri consecutive - Aleph pare sa fie oprit
[2025-11-21 00:54:57] ATENTIE: 160 esecuri consecutive - Aleph pare sa fie oprit
[2025-11-21 00:55:27] ATENTIE: 161 esecuri consecutive - Aleph pare sa fie oprit
[2025-11-21 00:55:57] ATENTIE: 162 esecuri consecutive - Aleph pare sa fie oprit
[2025-11-21 00:56:27] ATENTIE: 163 esecuri consecutive - Aleph pare sa fie oprit
[2025-11-21 00:56:57] ATENTIE: 164 esecuri consecutive - Aleph pare sa fie oprit
[2025-11-21 00:57:27] ATENTIE: 165 esecuri consecutive - Aleph pare sa fie oprit
[2025-11-21 00:57:57] ATENTIE: 166 esecuri consecutive - Aleph pare sa fie oprit
[2025-11-21 00:58:27] ATENTIE: 167 esecuri consecutive - Aleph pare sa fie oprit
[2025-11-21 00:58:57] ATENTIE: 168 esecuri consecutive - Aleph pare sa fie oprit
[2025-11-21 00:59:28] ATENTIE: 169 esecuri consecutive - Aleph pare sa fie oprit
[2025-11-21 00:59:58] ATENTIE: 170 esecuri consecutive - Aleph pare sa fie oprit
[2025-11-21 01:00:28] ATENTIE: 171 esecuri consecutive - Aleph pare sa fie oprit
[2025-11-21 01:00:58] ATENTIE: 172 esecuri consecutive - Aleph pare sa fie oprit
[2025-11-21 01:01:28] ATENTIE: 173 esecuri consecutive - Aleph pare sa fie oprit
[2025-11-21 01:01:58] ATENTIE: 174 esecuri consecutive - Aleph pare sa fie oprit
[2025-11-21 01:02:28] ATENTIE: 175 esecuri consecutive - Aleph pare sa fie oprit
[2025-11-21 01:02:58] ATENTIE: 176 esecuri consecutive - Aleph pare sa fie oprit
[2025-11-21 01:03:28] ATENTIE: 177 esecuri consecutive - Aleph pare sa fie oprit
[2025-11-21 01:03:58] ATENTIE: 178 esecuri consecutive - Aleph pare sa fie oprit
[2025-11-21 01:04:29] ATENTIE: 179 esecuri consecutive - Aleph pare sa fie oprit
[2025-11-21 01:04:59] ATENTIE: 180 esecuri consecutive - Aleph pare sa fie oprit
[2025-11-21 01:05:29] ATENTIE: 181 esecuri consecutive - Aleph pare sa fie oprit
[2025-11-21 01:05:59] ATENTIE: 182 esecuri consecutive - Aleph pare sa fie oprit
[2025-11-21 01:06:29] ATENTIE: 183 esecuri consecutive - Aleph pare sa fie oprit
[2025-11-21 01:06:59] ATENTIE: 184 esecuri consecutive - Aleph pare sa fie oprit
[2025-11-21 01:07:29] ATENTIE: 185 esecuri consecutive - Aleph pare sa fie oprit
[2025-11-21 01:07:59] ATENTIE: 186 esecuri consecutive - Aleph pare sa fie oprit
[2025-11-21 01:08:29] ATENTIE: 187 esecuri consecutive - Aleph pare sa fie oprit
[2025-11-21 01:09:00] ATENTIE: 188 esecuri consecutive - Aleph pare sa fie oprit
[2025-11-21 01:09:30] ATENTIE: 189 esecuri consecutive - Aleph pare sa fie oprit
[2025-11-21 01:10:00] ATENTIE: 190 esecuri consecutive - Aleph pare sa fie oprit
[2025-11-21 01:10:30] ATENTIE: 191 esecuri consecutive - Aleph pare sa fie oprit
[2025-11-21 01:11:00] ATENTIE: 192 esecuri consecutive - Aleph pare sa fie oprit
[2025-11-21 01:11:30] ATENTIE: 193 esecuri consecutive - Aleph pare sa fie oprit
[2025-11-21 01:12:00] ATENTIE: 194 esecuri consecutive - Aleph pare sa fie oprit
[2025-11-21 01:12:30] ATENTIE: 195 esecuri consecutive - Aleph pare sa fie oprit
[2025-11-21 01:13:00] ATENTIE: 196 esecuri consecutive - Aleph pare sa fie oprit
[2025-11-21 01:13:31] ATENTIE: 197 esecuri consecutive - Aleph pare sa fie oprit
[2025-11-21 01:14:01] ATENTIE: 198 esecuri consecutive - Aleph pare sa fie oprit
[2025-11-21 01:14:31] ATENTIE: 199 esecuri consecutive - Aleph pare sa fie oprit
[2025-11-21 01:15:01] ATENTIE: 200 esecuri consecutive - Aleph pare sa fie oprit
[2025-11-21 01:15:31] ATENTIE: 201 esecuri consecutive - Aleph pare sa fie oprit
[2025-11-21 01:16:01] ATENTIE: 202 esecuri consecutive - Aleph pare sa fie oprit
[2025-11-21 01:16:31] ATENTIE: 203 esecuri consecutive - Aleph pare sa fie oprit
[2025-11-21 01:17:01] ATENTIE: 204 esecuri consecutive - Aleph pare sa fie oprit
[2025-11-21 01:17:31] ATENTIE: 205 esecuri consecutive - Aleph pare sa fie oprit
[2025-11-21 01:18:02] ATENTIE: 206 esecuri consecutive - Aleph pare sa fie oprit
[2025-11-21 01:18:32] ATENTIE: 207 esecuri consecutive - Aleph pare sa fie oprit
[2025-11-21 01:19:02] ATENTIE: 208 esecuri consecutive - Aleph pare sa fie oprit
[2025-11-21 01:19:32] ATENTIE: 209 esecuri consecutive - Aleph pare sa fie oprit
[2025-11-21 01:20:02] ATENTIE: 210 esecuri consecutive - Aleph pare sa fie oprit
[2025-11-21 01:20:32] ATENTIE: 211 esecuri consecutive - Aleph pare sa fie oprit
[2025-11-21 01:21:03] ATENTIE: 212 esecuri consecutive - Aleph pare sa fie oprit
[2025-11-21 01:21:33] ATENTIE: 213 esecuri consecutive - Aleph pare sa fie oprit
[2025-11-21 01:22:03] ATENTIE: 214 esecuri consecutive - Aleph pare sa fie oprit
[2025-11-21 01:22:33] ATENTIE: 215 esecuri consecutive - Aleph pare sa fie oprit
[2025-11-21 01:23:03] ATENTIE: 216 esecuri consecutive - Aleph pare sa fie oprit
[2025-11-21 01:23:33] ATENTIE: 217 esecuri consecutive - Aleph pare sa fie oprit
[2025-11-21 01:24:03] ATENTIE: 218 esecuri consecutive - Aleph pare sa fie oprit
[2025-11-21 01:24:34] ATENTIE: 219 esecuri consecutive - Aleph pare sa fie oprit
[2025-11-21 01:25:04] ATENTIE: 220 esecuri consecutive - Aleph pare sa fie oprit
[2025-11-21 01:25:34] ATENTIE: 221 esecuri consecutive - Aleph pare sa fie oprit
[2025-11-21 01:26:04] ATENTIE: 222 esecuri consecutive - Aleph pare sa fie oprit
[2025-11-21 01:26:34] ATENTIE: 223 esecuri consecutive - Aleph pare sa fie oprit
[2025-11-21 01:27:04] ATENTIE: 224 esecuri consecutive - Aleph pare sa fie oprit
[2025-11-21 01:27:34] ATENTIE: 225 esecuri consecutive - Aleph pare sa fie oprit
[2025-11-21 01:28:05] ATENTIE: 226 esecuri consecutive - Aleph pare sa fie oprit
[2025-11-21 01:28:35] ATENTIE: 227 esecuri consecutive - Aleph pare sa fie oprit
[2025-11-21 01:29:05] ATENTIE: 228 esecuri consecutive - Aleph pare sa fie oprit
[2025-11-21 01:29:35] ATENTIE: 229 esecuri consecutive - Aleph pare sa fie oprit
[2025-11-21 01:30:05] ATENTIE: 230 esecuri consecutive - Aleph pare sa fie oprit
[2025-11-21 01:30:35] ATENTIE: 231 esecuri consecutive - Aleph pare sa fie oprit
[2025-11-21 01:31:05] ATENTIE: 232 esecuri consecutive - Aleph pare sa fie oprit
[2025-11-21 01:31:35] ATENTIE: 233 esecuri consecutive - Aleph pare sa fie oprit
[2025-11-21 01:32:06] ATENTIE: 234 esecuri consecutive - Aleph pare sa fie oprit
[2025-11-21 01:32:36] ATENTIE: 235 esecuri consecutive - Aleph pare sa fie oprit
[2025-11-21 01:33:06] ATENTIE: 236 esecuri consecutive - Aleph pare sa fie oprit
[2025-11-21 01:33:36] ATENTIE: 237 esecuri consecutive - Aleph pare sa fie oprit
[2025-11-21 01:34:06] ATENTIE: 238 esecuri consecutive - Aleph pare sa fie oprit
[2025-11-21 01:34:37] ATENTIE: 239 esecuri consecutive - Aleph pare sa fie oprit
[2025-11-21 01:35:07] ATENTIE: 240 esecuri consecutive - Aleph pare sa fie oprit
[2025-11-21 01:35:37] ATENTIE: 241 esecuri consecutive - Aleph pare sa fie oprit
[2025-11-21 01:36:07] ATENTIE: 242 esecuri consecutive - Aleph pare sa fie oprit
[2025-11-21 01:36:37] ATENTIE: 243 esecuri consecutive - Aleph pare sa fie oprit
[2025-11-21 01:37:07] ATENTIE: 244 esecuri consecutive - Aleph pare sa fie oprit
[2025-11-21 01:37:37] ATENTIE: 245 esecuri consecutive - Aleph pare sa fie oprit
[2025-11-21 01:38:07] ATENTIE: 246 esecuri consecutive - Aleph pare sa fie oprit
[2025-11-21 01:38:38] ATENTIE: 247 esecuri consecutive - Aleph pare sa fie oprit
[2025-11-21 01:39:08] ATENTIE: 248 esecuri consecutive - Aleph pare sa fie oprit
[2025-11-21 01:39:38] ATENTIE: 249 esecuri consecutive - Aleph pare sa fie oprit
[2025-11-21 01:40:08] ATENTIE: 250 esecuri consecutive - Aleph pare sa fie oprit
[2025-11-21 01:40:38] ATENTIE: 251 esecuri consecutive - Aleph pare sa fie oprit
[2025-11-21 01:41:08] ATENTIE: 252 esecuri consecutive - Aleph pare sa fie oprit
[2025-11-21 01:41:38] ATENTIE: 253 esecuri consecutive - Aleph pare sa fie oprit
[2025-11-21 01:42:09] ATENTIE: 254 esecuri consecutive - Aleph pare sa fie oprit
[2025-11-21 01:42:39] ATENTIE: 255 esecuri consecutive - Aleph pare sa fie oprit
[2025-11-21 01:43:09] ATENTIE: 256 esecuri consecutive - Aleph pare sa fie oprit
[2025-11-21 01:43:39] ATENTIE: 257 esecuri consecutive - Aleph pare sa fie oprit
[2025-11-21 01:44:09] ATENTIE: 258 esecuri consecutive - Aleph pare sa fie oprit
[2025-11-21 01:44:39] ATENTIE: 259 esecuri consecutive - Aleph pare sa fie oprit
[2025-11-21 01:45:09] ATENTIE: 260 esecuri consecutive - Aleph pare sa fie oprit
[2025-11-21 01:45:39] ATENTIE: 261 esecuri consecutive - Aleph pare sa fie oprit
[2025-11-21 01:46:09] ATENTIE: 262 esecuri consecutive - Aleph pare sa fie oprit
[2025-11-21 01:46:40] ATENTIE: 263 esecuri consecutive - Aleph pare sa fie oprit
[2025-11-21 01:47:10] ATENTIE: 264 esecuri consecutive - Aleph pare sa fie oprit
[2025-11-21 01:47:40] ATENTIE: 265 esecuri consecutive - Aleph pare sa fie oprit
[2025-11-21 01:48:10] ATENTIE: 266 esecuri consecutive - Aleph pare sa fie oprit
[2025-11-21 01:48:40] ATENTIE: 267 esecuri consecutive - Aleph pare sa fie oprit
[2025-11-21 01:49:10] ATENTIE: 268 esecuri consecutive - Aleph pare sa fie oprit
[2025-11-21 01:49:40] ATENTIE: 269 esecuri consecutive - Aleph pare sa fie oprit
[2025-11-21 01:50:10] ATENTIE: 270 esecuri consecutive - Aleph pare sa fie oprit
[2025-11-21 01:50:40] ATENTIE: 271 esecuri consecutive - Aleph pare sa fie oprit
[2025-11-21 01:51:10] ATENTIE: 272 esecuri consecutive - Aleph pare sa fie oprit
[2025-11-21 01:51:41] ATENTIE: 273 esecuri consecutive - Aleph pare sa fie oprit
[2025-11-21 01:52:11] ATENTIE: 274 esecuri consecutive - Aleph pare sa fie oprit
[2025-11-21 01:52:41] ATENTIE: 275 esecuri consecutive - Aleph pare sa fie oprit
[2025-11-21 01:53:11] ATENTIE: 276 esecuri consecutive - Aleph pare sa fie oprit
[2025-11-21 01:53:41] ATENTIE: 277 esecuri consecutive - Aleph pare sa fie oprit
[2025-11-21 01:54:11] ATENTIE: 278 esecuri consecutive - Aleph pare sa fie oprit
[2025-11-21 01:54:41] ATENTIE: 279 esecuri consecutive - Aleph pare sa fie oprit
[2025-11-21 01:55:11] ATENTIE: 280 esecuri consecutive - Aleph pare sa fie oprit
[2025-11-21 01:55:41] ATENTIE: 281 esecuri consecutive - Aleph pare sa fie oprit
[2025-11-21 01:56:11] ATENTIE: 282 esecuri consecutive - Aleph pare sa fie oprit
[2025-11-21 01:56:42] ATENTIE: 283 esecuri consecutive - Aleph pare sa fie oprit
[2025-11-21 01:57:12] ATENTIE: 284 esecuri consecutive - Aleph pare sa fie oprit
[2025-11-21 01:57:42] ATENTIE: 285 esecuri consecutive - Aleph pare sa fie oprit
[2025-11-21 01:58:12] ATENTIE: 286 esecuri consecutive - Aleph pare sa fie oprit
[2025-11-21 01:58:42] ATENTIE: 287 esecuri consecutive - Aleph pare sa fie oprit
[2025-11-21 01:59:12] ATENTIE: 288 esecuri consecutive - Aleph pare sa fie oprit
[2025-11-21 01:59:42] ATENTIE: 289 esecuri consecutive - Aleph pare sa fie oprit
[2025-11-21 02:00:12] ATENTIE: 290 esecuri consecutive - Aleph pare sa fie oprit
[2025-11-21 02:00:42] ATENTIE: 291 esecuri consecutive - Aleph pare sa fie oprit
[2025-11-21 02:01:13] ATENTIE: 292 esecuri consecutive - Aleph pare sa fie oprit
[2025-11-21 02:01:43] ATENTIE: 293 esecuri consecutive - Aleph pare sa fie oprit
[2025-11-21 02:02:13] ATENTIE: 294 esecuri consecutive - Aleph pare sa fie oprit
[2025-11-21 02:02:43] ATENTIE: 295 esecuri consecutive - Aleph pare sa fie oprit
[2025-11-21 02:03:13] ATENTIE: 296 esecuri consecutive - Aleph pare sa fie oprit
[2025-11-21 02:03:43] ATENTIE: 297 esecuri consecutive - Aleph pare sa fie oprit
[2025-11-21 02:04:13] ATENTIE: 298 esecuri consecutive - Aleph pare sa fie oprit
[2025-11-21 02:04:43] ATENTIE: 299 esecuri consecutive - Aleph pare sa fie oprit
[2025-11-21 02:05:13] ATENTIE: 300 esecuri consecutive - Aleph pare sa fie oprit
[2025-11-21 02:05:43] ATENTIE: 301 esecuri consecutive - Aleph pare sa fie oprit
[2025-11-21 02:06:14] ATENTIE: 302 esecuri consecutive - Aleph pare sa fie oprit
[2025-11-21 02:06:44] ATENTIE: 303 esecuri consecutive - Aleph pare sa fie oprit
[2025-11-21 02:07:14] ATENTIE: 304 esecuri consecutive - Aleph pare sa fie oprit
[2025-11-21 02:07:44] ATENTIE: 305 esecuri consecutive - Aleph pare sa fie oprit
[2025-11-21 02:08:14] ATENTIE: 306 esecuri consecutive - Aleph pare sa fie oprit
[2025-11-21 02:08:44] ATENTIE: 307 esecuri consecutive - Aleph pare sa fie oprit
[2025-11-21 02:09:14] ATENTIE: 308 esecuri consecutive - Aleph pare sa fie oprit
[2025-11-21 02:09:44] ATENTIE: 309 esecuri consecutive - Aleph pare sa fie oprit
[2025-11-21 02:10:14] ATENTIE: 310 esecuri consecutive - Aleph pare sa fie oprit
[2025-11-21 02:10:45] ATENTIE: 311 esecuri consecutive - Aleph pare sa fie oprit
[2025-11-21 02:11:15] ATENTIE: 312 esecuri consecutive - Aleph pare sa fie oprit
[2025-11-21 02:11:45] ATENTIE: 313 esecuri consecutive - Aleph pare sa fie oprit
[2025-11-21 02:12:15] ATENTIE: 314 esecuri consecutive - Aleph pare sa fie oprit
[2025-11-21 02:12:45] ATENTIE: 315 esecuri consecutive - Aleph pare sa fie oprit
[2025-11-21 02:13:15] ATENTIE: 316 esecuri consecutive - Aleph pare sa fie oprit
[2025-11-21 02:13:45] ATENTIE: 317 esecuri consecutive - Aleph pare sa fie oprit
[2025-11-21 02:14:15] ATENTIE: 318 esecuri consecutive - Aleph pare sa fie oprit
[2025-11-21 02:14:45] ATENTIE: 319 esecuri consecutive - Aleph pare sa fie oprit
[2025-11-21 02:15:15] ATENTIE: 320 esecuri consecutive - Aleph pare sa fie oprit
[2025-11-21 02:15:46] ATENTIE: 321 esecuri consecutive - Aleph pare sa fie oprit
[2025-11-21 02:16:16] ATENTIE: 322 esecuri consecutive - Aleph pare sa fie oprit
[2025-11-21 02:16:46] ATENTIE: 323 esecuri consecutive - Aleph pare sa fie oprit
[2025-11-21 02:17:16] ATENTIE: 324 esecuri consecutive - Aleph pare sa fie oprit
[2025-11-21 02:17:46] ATENTIE: 325 esecuri consecutive - Aleph pare sa fie oprit
[2025-11-21 02:18:16] ATENTIE: 326 esecuri consecutive - Aleph pare sa fie oprit
[2025-11-21 02:18:46] ATENTIE: 327 esecuri consecutive - Aleph pare sa fie oprit
[2025-11-21 02:19:16] ATENTIE: 328 esecuri consecutive - Aleph pare sa fie oprit
[2025-11-21 02:19:46] ATENTIE: 329 esecuri consecutive - Aleph pare sa fie oprit
[2025-11-21 02:20:16] ATENTIE: 330 esecuri consecutive - Aleph pare sa fie oprit
[2025-11-21 02:20:47] ATENTIE: 331 esecuri consecutive - Aleph pare sa fie oprit
[2025-11-21 02:21:17] ATENTIE: 332 esecuri consecutive - Aleph pare sa fie oprit
[2025-11-21 02:21:47] ATENTIE: 333 esecuri consecutive - Aleph pare sa fie oprit
[2025-11-21 02:22:17] ATENTIE: 334 esecuri consecutive - Aleph pare sa fie oprit
[2025-11-21 02:22:47] ATENTIE: 335 esecuri consecutive - Aleph pare sa fie oprit
[2025-11-21 02:23:17] ATENTIE: 336 esecuri consecutive - Aleph pare sa fie oprit
[2025-11-21 02:23:47] ATENTIE: 337 esecuri consecutive - Aleph pare sa fie oprit
[2025-11-21 02:24:17] ATENTIE: 338 esecuri consecutive - Aleph pare sa fie oprit
[2025-11-21 02:24:47] ATENTIE: 339 esecuri consecutive - Aleph pare sa fie oprit
[2025-11-21 02:25:18] ATENTIE: 340 esecuri consecutive - Aleph pare sa fie oprit
[2025-11-21 02:25:48] ATENTIE: 341 esecuri consecutive - Aleph pare sa fie oprit
[2025-11-21 02:26:18] ATENTIE: 342 esecuri consecutive - Aleph pare sa fie oprit
[2025-11-21 02:26:48] ATENTIE: 343 esecuri consecutive - Aleph pare sa fie oprit
[2025-11-21 02:27:18] ATENTIE: 344 esecuri consecutive - Aleph pare sa fie oprit
[2025-11-21 02:27:48] ATENTIE: 345 esecuri consecutive - Aleph pare sa fie oprit
[2025-11-21 02:28:18] ATENTIE: 346 esecuri consecutive - Aleph pare sa fie oprit
[2025-11-21 02:28:48] ATENTIE: 347 esecuri consecutive - Aleph pare sa fie oprit
[2025-11-21 02:29:18] ATENTIE: 348 esecuri consecutive - Aleph pare sa fie oprit
[2025-11-21 02:29:48] ATENTIE: 349 esecuri consecutive - Aleph pare sa fie oprit
[2025-11-21 02:30:19] ATENTIE: 350 esecuri consecutive - Aleph pare sa fie oprit
[2025-11-21 02:30:49] ATENTIE: 351 esecuri consecutive - Aleph pare sa fie oprit
[2025-11-21 02:31:19] ATENTIE: 352 esecuri consecutive - Aleph pare sa fie oprit
[2025-11-21 02:31:49] ATENTIE: 353 esecuri consecutive - Aleph pare sa fie oprit
[2025-11-21 02:32:19] ATENTIE: 354 esecuri consecutive - Aleph pare sa fie oprit
[2025-11-21 02:32:49] ATENTIE: 355 esecuri consecutive - Aleph pare sa fie oprit
[2025-11-21 02:33:19] ATENTIE: 356 esecuri consecutive - Aleph pare sa fie oprit
[2025-11-21 02:33:49] ATENTIE: 357 esecuri consecutive - Aleph pare sa fie oprit
[2025-11-21 02:34:19] ATENTIE: 358 esecuri consecutive - Aleph pare sa fie oprit
[2025-11-21 02:34:50] ATENTIE: 359 esecuri consecutive - Aleph pare sa fie oprit
[2025-11-21 02:35:20] ATENTIE: 360 esecuri consecutive - Aleph pare sa fie oprit
[2025-11-21 02:35:50] ATENTIE: 361 esecuri consecutive - Aleph pare sa fie oprit
[2025-11-21 02:36:20] ATENTIE: 362 esecuri consecutive - Aleph pare sa fie oprit
[2025-11-21 02:36:50] ATENTIE: 363 esecuri consecutive - Aleph pare sa fie oprit
[2025-11-21 02:37:20] ATENTIE: 364 esecuri consecutive - Aleph pare sa fie oprit
[2025-11-21 02:37:50] ATENTIE: 365 esecuri consecutive - Aleph pare sa fie oprit
[2025-11-21 02:38:20] ATENTIE: 366 esecuri consecutive - Aleph pare sa fie oprit
[2025-11-21 02:38:50] ATENTIE: 367 esecuri consecutive - Aleph pare sa fie oprit
[2025-11-21 02:39:21] ATENTIE: 368 esecuri consecutive - Aleph pare sa fie oprit
[2025-11-21 02:39:51] ATENTIE: 369 esecuri consecutive - Aleph pare sa fie oprit
[2025-11-21 02:40:21] ATENTIE: 370 esecuri consecutive - Aleph pare sa fie oprit
[2025-11-21 02:40:51] ATENTIE: 371 esecuri consecutive - Aleph pare sa fie oprit
[2025-11-21 02:41:21] ATENTIE: 372 esecuri consecutive - Aleph pare sa fie oprit
[2025-11-21 02:41:51] ATENTIE: 373 esecuri consecutive - Aleph pare sa fie oprit
[2025-11-21 02:42:21] ATENTIE: 374 esecuri consecutive - Aleph pare sa fie oprit
[2025-11-21 02:42:51] ATENTIE: 375 esecuri consecutive - Aleph pare sa fie oprit
[2025-11-21 02:43:21] ATENTIE: 376 esecuri consecutive - Aleph pare sa fie oprit
[2025-11-21 02:43:51] ATENTIE: 377 esecuri consecutive - Aleph pare sa fie oprit
[2025-11-21 02:44:22] ATENTIE: 378 esecuri consecutive - Aleph pare sa fie oprit
[2025-11-21 02:44:52] ATENTIE: 379 esecuri consecutive - Aleph pare sa fie oprit
[2025-11-21 02:45:22] ATENTIE: 380 esecuri consecutive - Aleph pare sa fie oprit
[2025-11-21 02:45:52] ATENTIE: 381 esecuri consecutive - Aleph pare sa fie oprit
[2025-11-21 02:46:22] ATENTIE: 382 esecuri consecutive - Aleph pare sa fie oprit
[2025-11-21 02:46:52] ATENTIE: 383 esecuri consecutive - Aleph pare sa fie oprit
[2025-11-21 02:47:22] ATENTIE: 384 esecuri consecutive - Aleph pare sa fie oprit
[2025-11-21 02:47:52] ATENTIE: 385 esecuri consecutive - Aleph pare sa fie oprit
[2025-11-21 02:48:22] ATENTIE: 386 esecuri consecutive - Aleph pare sa fie oprit
[2025-11-21 02:48:52] ATENTIE: 387 esecuri consecutive - Aleph pare sa fie oprit
[2025-11-21 02:49:23] ATENTIE: 388 esecuri consecutive - Aleph pare sa fie oprit
[2025-11-21 02:49:53] ATENTIE: 389 esecuri consecutive - Aleph pare sa fie oprit
[2025-11-21 02:50:23] ATENTIE: 390 esecuri consecutive - Aleph pare sa fie oprit
[2025-11-21 02:50:53] ATENTIE: 391 esecuri consecutive - Aleph pare sa fie oprit
[2025-11-21 02:51:23] ATENTIE: 392 esecuri consecutive - Aleph pare sa fie oprit
[2025-11-21 02:51:53] ATENTIE: 393 esecuri consecutive - Aleph pare sa fie oprit
[2025-11-21 02:52:23] ATENTIE: 394 esecuri consecutive - Aleph pare sa fie oprit
[2025-11-21 02:52:53] ATENTIE: 395 esecuri consecutive - Aleph pare sa fie oprit
[2025-11-21 02:53:23] ATENTIE: 396 esecuri consecutive - Aleph pare sa fie oprit
[2025-11-21 02:53:54] ATENTIE: 397 esecuri consecutive - Aleph pare sa fie oprit
[2025-11-21 02:54:24] ATENTIE: 398 esecuri consecutive - Aleph pare sa fie oprit
[2025-11-21 02:54:54] ATENTIE: 399 esecuri consecutive - Aleph pare sa fie oprit
[2025-11-21 02:55:24] ATENTIE: 400 esecuri consecutive - Aleph pare sa fie oprit
[2025-11-21 02:55:54] ATENTIE: 401 esecuri consecutive - Aleph pare sa fie oprit
[2025-11-21 02:56:24] ATENTIE: 402 esecuri consecutive - Aleph pare sa fie oprit
[2025-11-21 02:56:54] ATENTIE: 403 esecuri consecutive - Aleph pare sa fie oprit
[2025-11-21 02:57:24] ATENTIE: 404 esecuri consecutive - Aleph pare sa fie oprit
[2025-11-21 02:57:54] ATENTIE: 405 esecuri consecutive - Aleph pare sa fie oprit
[2025-11-21 02:58:25] ATENTIE: 406 esecuri consecutive - Aleph pare sa fie oprit
[2025-11-21 02:58:55] ATENTIE: 407 esecuri consecutive - Aleph pare sa fie oprit
[2025-11-21 02:59:25] ATENTIE: 408 esecuri consecutive - Aleph pare sa fie oprit
[2025-11-21 02:59:55] ATENTIE: 409 esecuri consecutive - Aleph pare sa fie oprit
[2025-11-21 03:00:25] ATENTIE: 410 esecuri consecutive - Aleph pare sa fie oprit
[2025-11-21 03:00:55] ALEPH S-A REPORNIT! (dupa 410 esecuri consecutive)
[2025-11-21 07:03:03] ALEPH S-A OPRIT! Incepe verificare automata resurse...
[2025-11-21 07:03:16] Diagnostic salvat in: E:\Carte\BB\17 - Site Leadership\alte\Ionel Balauta\Aryeht\Task 1 - Traduce tot site-ul\Doar Google Web\Andreea\Meditatii\2023\BarCode Biblioteca\Verificare Conexiune\diagnostice\diagnostic_20251121_070303.txt
[2025-11-21 07:03:16] ALEPH S-A OPRIT! Eroare: Remote end closed connection without response
[2025-11-21 07:03:46] ALEPH S-A REPORNIT! (dupa 1 esecuri consecutive)
